15:19:49 **** Build of configuration Nios II for project cs303_lab2 ****
make all 
Info: Building C:/Users/narus/Documents/University/PART_III/SEM_2/COMPSYS_303/Labs/Lab2/lab2Remote/cs303_lab2/NIOS_II/cs303_lab2_bsp/
C:/intelFPGA_lite/18.1/nios2eds/bin/gnu/H-x86_64-mingw32/bin/make --no-print-directory -C C:/Users/narus/Documents/University/PART_III/SEM_2/COMPSYS_303/Labs/Lab2/lab2Remote/cs303_lab2/NIOS_II/cs303_lab2_bsp/
[BSP build complete]
Info: Creating cs303_lab2.objdump
nios2-elf-objdump --disassemble --syms --all-header --source cs303_lab2.elf >cs303_lab2.objdump
[cs303_lab2 build complete]
15:20:57 **** Build of configuration Nios II for project cs303_lab2 ****
make all 
Info: Building C:/Users/narus/Documents/University/PART_III/SEM_2/COMPSYS_303/Labs/Lab2/lab2Remote/cs303_lab2/NIOS_II/cs303_lab2_bsp/
C:/intelFPGA_lite/18.1/nios2eds/bin/gnu/H-x86_64-mingw32/bin/make --no-print-directory -C C:/Users/narus/Documents/University/PART_III/SEM_2/COMPSYS_303/Labs/Lab2/lab2Remote/cs303_lab2/NIOS_II/cs303_lab2_bsp/
[BSP build complete]
[cs303_lab2 build complete]
15:22:21 **** Build of configuration Nios II for project cs303_lab2 ****
make all 
Info: Building C:/Users/narus/Documents/University/PART_III/SEM_2/COMPSYS_303/Labs/Lab2/lab2Remote/cs303_lab2/NIOS_II/cs303_lab2_bsp/
C:/intelFPGA_lite/18.1/nios2eds/bin/gnu/H-x86_64-mingw32/bin/make --no-print-directory -C C:/Users/narus/Documents/University/PART_III/SEM_2/COMPSYS_303/Labs/Lab2/lab2Remote/cs303_lab2/NIOS_II/cs303_lab2_bsp/
[BSP build complete]
[cs303_lab2 build complete]
15:26:19 **** Build of configuration Nios II for project cs303_lab2 ****
make all 
Info: Building C:/Users/narus/Documents/University/PART_III/SEM_2/COMPSYS_303/Labs/Lab2/lab2Remote/cs303_lab2/NIOS_II/cs303_lab2_bsp/
C:/intelFPGA_lite/18.1/nios2eds/bin/gnu/H-x86_64-mingw32/bin/make --no-print-directory -C C:/Users/narus/Documents/University/PART_III/SEM_2/COMPSYS_303/Labs/Lab2/lab2Remote/cs303_lab2/NIOS_II/cs303_lab2_bsp/
[BSP build complete]
[cs303_lab2 build complete]
15:27:57 **** Incremental Build of configuration Nios II for project cs303_lab2 ****
make all 
Info: Building C:/Users/narus/Documents/University/PART_III/SEM_2/COMPSYS_303/Labs/Lab2/lab2Remote/cs303_lab2/NIOS_II/cs303_lab2_bsp/
C:/intelFPGA_lite/18.1/nios2eds/bin/gnu/H-x86_64-mingw32/bin/make --no-print-directory -C C:/Users/narus/Documents/University/PART_III/SEM_2/COMPSYS_303/Labs/Lab2/lab2Remote/cs303_lab2/NIOS_II/cs303_lab2_bsp/
[BSP build complete]
[cs303_lab2 build complete]
